{"D:\\documents\\infinite-learning\\massive-backend-sql\\app\\__test__\\db.js": {"path":"D:\\documents\\infinite-learning\\massive-backend-sql\\app\\__test__\\db.js","statementMap":{"0":{"start":{"line":3,"column":25},"end":{"line":9,"column":1}},"1":{"start":{"line":11,"column":40},"end":{"line":19,"column":1}},"2":{"start":{"line":12,"column":2},"end":{"line":18,"column":3}},"3":{"start":{"line":13,"column":23},"end":{"line":13,"column":69}},"4":{"start":{"line":14,"column":4},"end":{"line":14,"column":22}},"5":{"start":{"line":16,"column":4},"end":{"line":16,"column":63}},"6":{"start":{"line":17,"column":4},"end":{"line":17,"column":16}},"7":{"start":{"line":21,"column":21},"end":{"line":21,"column":217}}},"fnMap":{"0":{"name":"(anonymous_0)","decl":{"start":{"line":11,"column":40},"end":{"line":11,"column":41}},"loc":{"start":{"line":11,"column":52},"end":{"line":19,"column":1}},"line":11}},"branchMap":{},"s":{"0":7,"1":7,"2":1,"3":1,"4":1,"5":0,"6":0,"7":7},"f":{"0":1},"b":{},"_coverageSchema":"1a1c01bbd47fc00a2c39e90264f33305004495a9","hash":"2c3b197d16216cf2657e080d79750c31b95b79f0"}
,"D:\\documents\\infinite-learning\\massive-backend-sql\\app\\controller\\auth.controller.js": {"path":"D:\\documents\\infinite-learning\\massive-backend-sql\\app\\controller\\auth.controller.js","statementMap":{"0":{"start":{"line":6,"column":30},"end":{"line":93,"column":1}},"1":{"start":{"line":8,"column":4},"end":{"line":34,"column":5}},"2":{"start":{"line":9,"column":40},"end":{"line":9,"column":48}},"3":{"start":{"line":12,"column":21},"end":{"line":12,"column":29}},"4":{"start":{"line":15,"column":30},"end":{"line":15,"column":95}},"5":{"start":{"line":17,"column":6},"end":{"line":31,"column":7}},"6":{"start":{"line":18,"column":8},"end":{"line":21,"column":11}},"7":{"start":{"line":24,"column":27},"end":{"line":24,"column":29}},"8":{"start":{"line":25,"column":29},"end":{"line":25,"column":70}},"9":{"start":{"line":28,"column":25},"end":{"line":28,"column":173}},"10":{"start":{"line":30,"column":8},"end":{"line":30,"column":62}},"11":{"start":{"line":33,"column":6},"end":{"line":33,"column":18}},"12":{"start":{"line":38,"column":4},"end":{"line":91,"column":5}},"13":{"start":{"line":39,"column":34},"end":{"line":39,"column":42}},"14":{"start":{"line":42,"column":22},"end":{"line":42,"column":87}},"15":{"start":{"line":43,"column":19},"end":{"line":43,"column":27}},"16":{"start":{"line":45,"column":6},"end":{"line":50,"column":7}},"17":{"start":{"line":46,"column":8},"end":{"line":49,"column":11}},"18":{"start":{"line":53,"column":28},"end":{"line":53,"column":75}},"19":{"start":{"line":55,"column":6},"end":{"line":60,"column":7}},"20":{"start":{"line":56,"column":8},"end":{"line":59,"column":11}},"21":{"start":{"line":63,"column":27},"end":{"line":63,"column":57}},"22":{"start":{"line":64,"column":28},"end":{"line":64,"column":65}},"23":{"start":{"line":65,"column":25},"end":{"line":65,"column":56}},"24":{"start":{"line":68,"column":37},"end":{"line":68,"column":114}},"25":{"start":{"line":70,"column":6},"end":{"line":88,"column":7}},"26":{"start":{"line":72,"column":8},"end":{"line":72,"column":105}},"27":{"start":{"line":74,"column":8},"end":{"line":78,"column":11}},"28":{"start":{"line":81,"column":8},"end":{"line":81,"column":109}},"29":{"start":{"line":83,"column":8},"end":{"line":87,"column":11}},"30":{"start":{"line":90,"column":6},"end":{"line":90,"column":18}}},"fnMap":{"0":{"name":"(anonymous_0)","decl":{"start":{"line":7,"column":10},"end":{"line":7,"column":11}},"loc":{"start":{"line":7,"column":36},"end":{"line":35,"column":3}},"line":7},"1":{"name":"(anonymous_1)","decl":{"start":{"line":37,"column":10},"end":{"line":37,"column":11}},"loc":{"start":{"line":37,"column":36},"end":{"line":92,"column":3}},"line":37}},"branchMap":{"0":{"loc":{"start":{"line":17,"column":6},"end":{"line":31,"column":7}},"type":"if","locations":[{"start":{"line":17,"column":6},"end":{"line":31,"column":7}},{"start":{"line":22,"column":13},"end":{"line":31,"column":7}}],"line":17},"1":{"loc":{"start":{"line":45,"column":6},"end":{"line":50,"column":7}},"type":"if","locations":[{"start":{"line":45,"column":6},"end":{"line":50,"column":7}},{"start":{},"end":{}}],"line":45},"2":{"loc":{"start":{"line":55,"column":6},"end":{"line":60,"column":7}},"type":"if","locations":[{"start":{"line":55,"column":6},"end":{"line":60,"column":7}},{"start":{},"end":{}}],"line":55},"3":{"loc":{"start":{"line":70,"column":6},"end":{"line":88,"column":7}},"type":"if","locations":[{"start":{"line":70,"column":6},"end":{"line":88,"column":7}},{"start":{"line":79,"column":13},"end":{"line":88,"column":7}}],"line":70}},"s":{"0":7,"1":2,"2":2,"3":2,"4":2,"5":2,"6":1,"7":1,"8":1,"9":1,"10":1,"11":0,"12":2,"13":2,"14":2,"15":2,"16":2,"17":0,"18":2,"19":2,"20":1,"21":1,"22":1,"23":1,"24":1,"25":1,"26":1,"27":1,"28":0,"29":0,"30":0},"f":{"0":2,"1":2},"b":{"0":[1,1],"1":[0,2],"2":[1,1],"3":[1,0]},"_coverageSchema":"1a1c01bbd47fc00a2c39e90264f33305004495a9","hash":"16def51fbc60902572c7d5152bd68358ceba7066"}
,"D:\\documents\\infinite-learning\\massive-backend-sql\\app\\controller\\event.controller.js": {"path":"D:\\documents\\infinite-learning\\massive-backend-sql\\app\\controller\\event.controller.js","statementMap":{"0":{"start":{"line":4,"column":24},"end":{"line":25,"column":1}},"1":{"start":{"line":5,"column":2},"end":{"line":24,"column":3}},"2":{"start":{"line":6,"column":4},"end":{"line":11,"column":5}},"3":{"start":{"line":7,"column":6},"end":{"line":10,"column":9}},"4":{"start":{"line":13,"column":17},"end":{"line":13,"column":54}},"5":{"start":{"line":16,"column":19},"end":{"line":16,"column":60}},"6":{"start":{"line":18,"column":4},"end":{"line":21,"column":7}},"7":{"start":{"line":23,"column":4},"end":{"line":23,"column":16}},"8":{"start":{"line":27,"column":27},"end":{"line":49,"column":1}},"9":{"start":{"line":28,"column":2},"end":{"line":48,"column":3}},"10":{"start":{"line":29,"column":56},"end":{"line":29,"column":64}},"11":{"start":{"line":31,"column":25},"end":{"line":31,"column":89}},"12":{"start":{"line":33,"column":4},"end":{"line":38,"column":5}},"13":{"start":{"line":34,"column":6},"end":{"line":37,"column":9}},"14":{"start":{"line":40,"column":27},"end":{"line":40,"column":171}},"15":{"start":{"line":42,"column":4},"end":{"line":45,"column":7}},"16":{"start":{"line":47,"column":4},"end":{"line":47,"column":16}},"17":{"start":{"line":51,"column":27},"end":{"line":86,"column":1}},"18":{"start":{"line":52,"column":2},"end":{"line":85,"column":3}},"19":{"start":{"line":53,"column":20},"end":{"line":53,"column":33}},"20":{"start":{"line":54,"column":56},"end":{"line":54,"column":64}},"21":{"start":{"line":57,"column":28},"end":{"line":57,"column":93}},"22":{"start":{"line":59,"column":4},"end":{"line":64,"column":5}},"23":{"start":{"line":60,"column":6},"end":{"line":63,"column":9}},"24":{"start":{"line":67,"column":25},"end":{"line":67,"column":89}},"25":{"start":{"line":69,"column":4},"end":{"line":74,"column":5}},"26":{"start":{"line":70,"column":6},"end":{"line":73,"column":9}},"27":{"start":{"line":77,"column":4},"end":{"line":77,"column":164}},"28":{"start":{"line":79,"column":4},"end":{"line":82,"column":7}},"29":{"start":{"line":84,"column":4},"end":{"line":84,"column":16}}},"fnMap":{"0":{"name":"(anonymous_0)","decl":{"start":{"line":4,"column":24},"end":{"line":4,"column":25}},"loc":{"start":{"line":4,"column":50},"end":{"line":25,"column":1}},"line":4},"1":{"name":"(anonymous_1)","decl":{"start":{"line":27,"column":27},"end":{"line":27,"column":28}},"loc":{"start":{"line":27,"column":53},"end":{"line":49,"column":1}},"line":27},"2":{"name":"(anonymous_2)","decl":{"start":{"line":51,"column":27},"end":{"line":51,"column":28}},"loc":{"start":{"line":51,"column":53},"end":{"line":86,"column":1}},"line":51}},"branchMap":{"0":{"loc":{"start":{"line":6,"column":4},"end":{"line":11,"column":5}},"type":"if","locations":[{"start":{"line":6,"column":4},"end":{"line":11,"column":5}},{"start":{},"end":{}}],"line":6},"1":{"loc":{"start":{"line":6,"column":8},"end":{"line":6,"column":86}},"type":"binary-expr","locations":[{"start":{"line":6,"column":8},"end":{"line":6,"column":34}},{"start":{"line":6,"column":38},"end":{"line":6,"column":86}}],"line":6},"2":{"loc":{"start":{"line":33,"column":4},"end":{"line":38,"column":5}},"type":"if","locations":[{"start":{"line":33,"column":4},"end":{"line":38,"column":5}},{"start":{},"end":{}}],"line":33},"3":{"loc":{"start":{"line":59,"column":4},"end":{"line":64,"column":5}},"type":"if","locations":[{"start":{"line":59,"column":4},"end":{"line":64,"column":5}},{"start":{},"end":{}}],"line":59},"4":{"loc":{"start":{"line":69,"column":4},"end":{"line":74,"column":5}},"type":"if","locations":[{"start":{"line":69,"column":4},"end":{"line":74,"column":5}},{"start":{},"end":{}}],"line":69}},"s":{"0":7,"1":0,"2":0,"3":0,"4":0,"5":0,"6":0,"7":0,"8":7,"9":1,"10":1,"11":1,"12":1,"13":0,"14":1,"15":1,"16":0,"17":7,"18":2,"19":2,"20":2,"21":2,"22":2,"23":1,"24":1,"25":1,"26":0,"27":1,"28":1,"29":0},"f":{"0":0,"1":1,"2":2},"b":{"0":[0,0],"1":[0,0],"2":[0,1],"3":[1,1],"4":[0,1]},"_coverageSchema":"1a1c01bbd47fc00a2c39e90264f33305004495a9","hash":"e29caa26fb694ec4f82d62f72ae50b6c9e9f2481"}
,"D:\\documents\\infinite-learning\\massive-backend-sql\\app\\controller\\exchange.controller.js": {"path":"D:\\documents\\infinite-learning\\massive-backend-sql\\app\\controller\\exchange.controller.js","statementMap":{"0":{"start":{"line":4,"column":39},"end":{"line":25,"column":1}},"1":{"start":{"line":5,"column":2},"end":{"line":24,"column":3}},"2":{"start":{"line":6,"column":4},"end":{"line":11,"column":5}},"3":{"start":{"line":7,"column":6},"end":{"line":10,"column":9}},"4":{"start":{"line":13,"column":17},"end":{"line":13,"column":54}},"5":{"start":{"line":15,"column":38},"end":{"line":15,"column":93}},"6":{"start":{"line":16,"column":33},"end":{"line":16,"column":56}},"7":{"start":{"line":18,"column":4},"end":{"line":21,"column":7}},"8":{"start":{"line":23,"column":4},"end":{"line":23,"column":16}},"9":{"start":{"line":27,"column":47},"end":{"line":41,"column":1}},"10":{"start":{"line":28,"column":2},"end":{"line":40,"column":3}},"11":{"start":{"line":29,"column":24},"end":{"line":29,"column":34}},"12":{"start":{"line":31,"column":38},"end":{"line":31,"column":122}},"13":{"start":{"line":32,"column":33},"end":{"line":32,"column":56}},"14":{"start":{"line":34,"column":4},"end":{"line":37,"column":7}},"15":{"start":{"line":39,"column":4},"end":{"line":39,"column":16}},"16":{"start":{"line":43,"column":41},"end":{"line":57,"column":1}},"17":{"start":{"line":44,"column":2},"end":{"line":56,"column":3}},"18":{"start":{"line":45,"column":34},"end":{"line":45,"column":42}},"19":{"start":{"line":48,"column":41},"end":{"line":48,"column":149}},"20":{"start":{"line":50,"column":4},"end":{"line":53,"column":7}},"21":{"start":{"line":55,"column":4},"end":{"line":55,"column":16}}},"fnMap":{"0":{"name":"(anonymous_0)","decl":{"start":{"line":4,"column":39},"end":{"line":4,"column":40}},"loc":{"start":{"line":4,"column":65},"end":{"line":25,"column":1}},"line":4},"1":{"name":"(anonymous_1)","decl":{"start":{"line":27,"column":47},"end":{"line":27,"column":48}},"loc":{"start":{"line":27,"column":73},"end":{"line":41,"column":1}},"line":27},"2":{"name":"(anonymous_2)","decl":{"start":{"line":43,"column":41},"end":{"line":43,"column":42}},"loc":{"start":{"line":43,"column":67},"end":{"line":57,"column":1}},"line":43}},"branchMap":{"0":{"loc":{"start":{"line":6,"column":4},"end":{"line":11,"column":5}},"type":"if","locations":[{"start":{"line":6,"column":4},"end":{"line":11,"column":5}},{"start":{},"end":{}}],"line":6},"1":{"loc":{"start":{"line":6,"column":8},"end":{"line":6,"column":86}},"type":"binary-expr","locations":[{"start":{"line":6,"column":8},"end":{"line":6,"column":34}},{"start":{"line":6,"column":38},"end":{"line":6,"column":86}}],"line":6}},"s":{"0":7,"1":0,"2":0,"3":0,"4":0,"5":0,"6":0,"7":0,"8":0,"9":7,"10":0,"11":0,"12":0,"13":0,"14":0,"15":0,"16":7,"17":0,"18":0,"19":0,"20":0,"21":0},"f":{"0":0,"1":0,"2":0},"b":{"0":[0,0],"1":[0,0]},"_coverageSchema":"1a1c01bbd47fc00a2c39e90264f33305004495a9","hash":"68d6c1f7877f300ed7237e270c45fe8a29e86c5d"}
,"D:\\documents\\infinite-learning\\massive-backend-sql\\app\\controller\\item.controller.js": {"path":"D:\\documents\\infinite-learning\\massive-backend-sql\\app\\controller\\item.controller.js","statementMap":{"0":{"start":{"line":4,"column":24},"end":{"line":25,"column":1}},"1":{"start":{"line":5,"column":2},"end":{"line":24,"column":3}},"2":{"start":{"line":6,"column":4},"end":{"line":11,"column":5}},"3":{"start":{"line":7,"column":6},"end":{"line":10,"column":9}},"4":{"start":{"line":13,"column":4},"end":{"line":13,"column":42}},"5":{"start":{"line":15,"column":23},"end":{"line":15,"column":63}},"6":{"start":{"line":16,"column":18},"end":{"line":16,"column":26}},"7":{"start":{"line":18,"column":4},"end":{"line":21,"column":7}},"8":{"start":{"line":23,"column":4},"end":{"line":23,"column":16}},"9":{"start":{"line":27,"column":26},"end":{"line":48,"column":1}},"10":{"start":{"line":28,"column":2},"end":{"line":47,"column":3}},"11":{"start":{"line":29,"column":4},"end":{"line":34,"column":5}},"12":{"start":{"line":30,"column":6},"end":{"line":33,"column":9}},"13":{"start":{"line":36,"column":17},"end":{"line":36,"column":54}},"14":{"start":{"line":37,"column":36},"end":{"line":37,"column":44}},"15":{"start":{"line":39,"column":26},"end":{"line":39,"column":126}},"16":{"start":{"line":41,"column":4},"end":{"line":44,"column":7}},"17":{"start":{"line":46,"column":4},"end":{"line":46,"column":16}},"18":{"start":{"line":50,"column":26},"end":{"line":85,"column":1}},"19":{"start":{"line":51,"column":2},"end":{"line":84,"column":3}},"20":{"start":{"line":52,"column":4},"end":{"line":57,"column":5}},"21":{"start":{"line":53,"column":6},"end":{"line":56,"column":9}},"22":{"start":{"line":59,"column":17},"end":{"line":59,"column":54}},"23":{"start":{"line":60,"column":22},"end":{"line":60,"column":32}},"24":{"start":{"line":62,"column":25},"end":{"line":62,"column":87}},"25":{"start":{"line":64,"column":4},"end":{"line":69,"column":5}},"26":{"start":{"line":65,"column":6},"end":{"line":68,"column":9}},"27":{"start":{"line":71,"column":36},"end":{"line":71,"column":44}},"28":{"start":{"line":73,"column":4},"end":{"line":73,"column":117}},"29":{"start":{"line":75,"column":30},"end":{"line":75,"column":92}},"30":{"start":{"line":76,"column":24},"end":{"line":76,"column":42}},"31":{"start":{"line":78,"column":4},"end":{"line":81,"column":7}},"32":{"start":{"line":83,"column":4},"end":{"line":83,"column":16}}},"fnMap":{"0":{"name":"(anonymous_0)","decl":{"start":{"line":4,"column":24},"end":{"line":4,"column":25}},"loc":{"start":{"line":4,"column":50},"end":{"line":25,"column":1}},"line":4},"1":{"name":"(anonymous_1)","decl":{"start":{"line":27,"column":26},"end":{"line":27,"column":27}},"loc":{"start":{"line":27,"column":52},"end":{"line":48,"column":1}},"line":27},"2":{"name":"(anonymous_2)","decl":{"start":{"line":50,"column":26},"end":{"line":50,"column":27}},"loc":{"start":{"line":50,"column":52},"end":{"line":85,"column":1}},"line":50}},"branchMap":{"0":{"loc":{"start":{"line":6,"column":4},"end":{"line":11,"column":5}},"type":"if","locations":[{"start":{"line":6,"column":4},"end":{"line":11,"column":5}},{"start":{},"end":{}}],"line":6},"1":{"loc":{"start":{"line":6,"column":8},"end":{"line":6,"column":86}},"type":"binary-expr","locations":[{"start":{"line":6,"column":8},"end":{"line":6,"column":34}},{"start":{"line":6,"column":38},"end":{"line":6,"column":86}}],"line":6},"2":{"loc":{"start":{"line":29,"column":4},"end":{"line":34,"column":5}},"type":"if","locations":[{"start":{"line":29,"column":4},"end":{"line":34,"column":5}},{"start":{},"end":{}}],"line":29},"3":{"loc":{"start":{"line":29,"column":8},"end":{"line":29,"column":86}},"type":"binary-expr","locations":[{"start":{"line":29,"column":8},"end":{"line":29,"column":34}},{"start":{"line":29,"column":38},"end":{"line":29,"column":86}}],"line":29},"4":{"loc":{"start":{"line":52,"column":4},"end":{"line":57,"column":5}},"type":"if","locations":[{"start":{"line":52,"column":4},"end":{"line":57,"column":5}},{"start":{},"end":{}}],"line":52},"5":{"loc":{"start":{"line":52,"column":8},"end":{"line":52,"column":86}},"type":"binary-expr","locations":[{"start":{"line":52,"column":8},"end":{"line":52,"column":34}},{"start":{"line":52,"column":38},"end":{"line":52,"column":86}}],"line":52},"6":{"loc":{"start":{"line":64,"column":4},"end":{"line":69,"column":5}},"type":"if","locations":[{"start":{"line":64,"column":4},"end":{"line":69,"column":5}},{"start":{},"end":{}}],"line":64}},"s":{"0":7,"1":1,"2":1,"3":0,"4":1,"5":1,"6":1,"7":1,"8":0,"9":7,"10":2,"11":2,"12":0,"13":2,"14":2,"15":2,"16":2,"17":0,"18":7,"19":1,"20":1,"21":0,"22":1,"23":1,"24":1,"25":1,"26":0,"27":1,"28":1,"29":1,"30":1,"31":1,"32":0},"f":{"0":1,"1":2,"2":1},"b":{"0":[0,1],"1":[1,1],"2":[0,2],"3":[2,2],"4":[0,1],"5":[1,1],"6":[0,1]},"_coverageSchema":"1a1c01bbd47fc00a2c39e90264f33305004495a9","hash":"9c85b2f87883b1256800344094e8a1a4fa4d1010"}
,"D:\\documents\\infinite-learning\\massive-backend-sql\\app\\controller\\payment.controller.js": {"path":"D:\\documents\\infinite-learning\\massive-backend-sql\\app\\controller\\payment.controller.js","statementMap":{"0":{"start":{"line":3,"column":33},"end":{"line":30,"column":1}},"1":{"start":{"line":4,"column":2},"end":{"line":29,"column":3}},"2":{"start":{"line":5,"column":24},"end":{"line":5,"column":34}},"3":{"start":{"line":8,"column":25},"end":{"line":8,"column":89}},"4":{"start":{"line":10,"column":4},"end":{"line":15,"column":5}},"5":{"start":{"line":11,"column":6},"end":{"line":14,"column":9}},"6":{"start":{"line":18,"column":29},"end":{"line":21,"column":5}},"7":{"start":{"line":23,"column":4},"end":{"line":26,"column":7}},"8":{"start":{"line":28,"column":4},"end":{"line":28,"column":16}},"9":{"start":{"line":32,"column":35},"end":{"line":56,"column":1}},"10":{"start":{"line":33,"column":2},"end":{"line":55,"column":3}},"11":{"start":{"line":34,"column":72},"end":{"line":34,"column":80}},"12":{"start":{"line":37,"column":25},"end":{"line":37,"column":89}},"13":{"start":{"line":39,"column":4},"end":{"line":44,"column":5}},"14":{"start":{"line":40,"column":6},"end":{"line":43,"column":9}},"15":{"start":{"line":47,"column":35},"end":{"line":47,"column":222}},"16":{"start":{"line":49,"column":4},"end":{"line":52,"column":7}},"17":{"start":{"line":54,"column":4},"end":{"line":54,"column":16}}},"fnMap":{"0":{"name":"(anonymous_0)","decl":{"start":{"line":3,"column":33},"end":{"line":3,"column":34}},"loc":{"start":{"line":3,"column":59},"end":{"line":30,"column":1}},"line":3},"1":{"name":"(anonymous_1)","decl":{"start":{"line":32,"column":35},"end":{"line":32,"column":36}},"loc":{"start":{"line":32,"column":61},"end":{"line":56,"column":1}},"line":32}},"branchMap":{"0":{"loc":{"start":{"line":10,"column":4},"end":{"line":15,"column":5}},"type":"if","locations":[{"start":{"line":10,"column":4},"end":{"line":15,"column":5}},{"start":{},"end":{}}],"line":10},"1":{"loc":{"start":{"line":39,"column":4},"end":{"line":44,"column":5}},"type":"if","locations":[{"start":{"line":39,"column":4},"end":{"line":44,"column":5}},{"start":{},"end":{}}],"line":39}},"s":{"0":7,"1":2,"2":2,"3":2,"4":2,"5":1,"6":1,"7":1,"8":0,"9":7,"10":2,"11":2,"12":2,"13":2,"14":1,"15":1,"16":1,"17":0},"f":{"0":2,"1":2},"b":{"0":[1,1],"1":[1,1]},"_coverageSchema":"1a1c01bbd47fc00a2c39e90264f33305004495a9","hash":"a4231f2938b10cf7eb1ccbef5af0b0f9620e4fe0"}
,"D:\\documents\\infinite-learning\\massive-backend-sql\\app\\controller\\report.controller.js": {"path":"D:\\documents\\infinite-learning\\massive-backend-sql\\app\\controller\\report.controller.js","statementMap":{"0":{"start":{"line":18,"column":25},"end":{"line":39,"column":1}},"1":{"start":{"line":19,"column":2},"end":{"line":38,"column":3}},"2":{"start":{"line":20,"column":4},"end":{"line":25,"column":5}},"3":{"start":{"line":21,"column":6},"end":{"line":24,"column":9}},"4":{"start":{"line":27,"column":17},"end":{"line":27,"column":54}},"5":{"start":{"line":29,"column":25},"end":{"line":29,"column":67}},"6":{"start":{"line":30,"column":19},"end":{"line":30,"column":29}},"7":{"start":{"line":32,"column":4},"end":{"line":35,"column":7}},"8":{"start":{"line":37,"column":4},"end":{"line":37,"column":16}},"9":{"start":{"line":41,"column":28},"end":{"line":55,"column":1}},"10":{"start":{"line":42,"column":2},"end":{"line":54,"column":3}},"11":{"start":{"line":43,"column":50},"end":{"line":43,"column":58}},"12":{"start":{"line":46,"column":28},"end":{"line":46,"column":161}},"13":{"start":{"line":48,"column":4},"end":{"line":51,"column":7}},"14":{"start":{"line":53,"column":4},"end":{"line":53,"column":16}}},"fnMap":{"0":{"name":"(anonymous_0)","decl":{"start":{"line":18,"column":25},"end":{"line":18,"column":26}},"loc":{"start":{"line":18,"column":51},"end":{"line":39,"column":1}},"line":18},"1":{"name":"(anonymous_1)","decl":{"start":{"line":41,"column":28},"end":{"line":41,"column":29}},"loc":{"start":{"line":41,"column":54},"end":{"line":55,"column":1}},"line":41}},"branchMap":{"0":{"loc":{"start":{"line":20,"column":4},"end":{"line":25,"column":5}},"type":"if","locations":[{"start":{"line":20,"column":4},"end":{"line":25,"column":5}},{"start":{},"end":{}}],"line":20},"1":{"loc":{"start":{"line":20,"column":8},"end":{"line":20,"column":86}},"type":"binary-expr","locations":[{"start":{"line":20,"column":8},"end":{"line":20,"column":34}},{"start":{"line":20,"column":38},"end":{"line":20,"column":86}}],"line":20}},"s":{"0":7,"1":2,"2":2,"3":1,"4":1,"5":1,"6":1,"7":1,"8":0,"9":7,"10":2,"11":2,"12":2,"13":1,"14":1},"f":{"0":2,"1":2},"b":{"0":[1,1],"1":[2,1]},"_coverageSchema":"1a1c01bbd47fc00a2c39e90264f33305004495a9","hash":"d2922795b3977d4de45e2e3f5d867e4d8b5691cb"}
,"D:\\documents\\infinite-learning\\massive-backend-sql\\app\\controller\\transaction.controller.js": {"path":"D:\\documents\\infinite-learning\\massive-backend-sql\\app\\controller\\transaction.controller.js","statementMap":{"0":{"start":{"line":3,"column":37},"end":{"line":27,"column":1}},"1":{"start":{"line":4,"column":2},"end":{"line":26,"column":3}},"2":{"start":{"line":5,"column":24},"end":{"line":5,"column":34}},"3":{"start":{"line":8,"column":25},"end":{"line":8,"column":89}},"4":{"start":{"line":10,"column":4},"end":{"line":15,"column":5}},"5":{"start":{"line":11,"column":6},"end":{"line":14,"column":9}},"6":{"start":{"line":18,"column":33},"end":{"line":18,"column":173}},"7":{"start":{"line":20,"column":4},"end":{"line":23,"column":7}},"8":{"start":{"line":25,"column":4},"end":{"line":25,"column":16}},"9":{"start":{"line":29,"column":40},"end":{"line":54,"column":1}},"10":{"start":{"line":30,"column":2},"end":{"line":53,"column":3}},"11":{"start":{"line":31,"column":66},"end":{"line":31,"column":74}},"12":{"start":{"line":34,"column":32},"end":{"line":34,"column":118}},"13":{"start":{"line":35,"column":34},"end":{"line":35,"column":117}},"14":{"start":{"line":37,"column":4},"end":{"line":42,"column":5}},"15":{"start":{"line":38,"column":6},"end":{"line":41,"column":9}},"16":{"start":{"line":45,"column":40},"end":{"line":45,"column":217}},"17":{"start":{"line":47,"column":4},"end":{"line":50,"column":7}},"18":{"start":{"line":52,"column":4},"end":{"line":52,"column":16}}},"fnMap":{"0":{"name":"(anonymous_0)","decl":{"start":{"line":3,"column":37},"end":{"line":3,"column":38}},"loc":{"start":{"line":3,"column":63},"end":{"line":27,"column":1}},"line":3},"1":{"name":"(anonymous_1)","decl":{"start":{"line":29,"column":40},"end":{"line":29,"column":41}},"loc":{"start":{"line":29,"column":66},"end":{"line":54,"column":1}},"line":29}},"branchMap":{"0":{"loc":{"start":{"line":10,"column":4},"end":{"line":15,"column":5}},"type":"if","locations":[{"start":{"line":10,"column":4},"end":{"line":15,"column":5}},{"start":{},"end":{}}],"line":10},"1":{"loc":{"start":{"line":37,"column":4},"end":{"line":42,"column":5}},"type":"if","locations":[{"start":{"line":37,"column":4},"end":{"line":42,"column":5}},{"start":{},"end":{}}],"line":37},"2":{"loc":{"start":{"line":37,"column":8},"end":{"line":37,"column":74}},"type":"binary-expr","locations":[{"start":{"line":37,"column":8},"end":{"line":37,"column":38}},{"start":{"line":37,"column":42},"end":{"line":37,"column":74}}],"line":37}},"s":{"0":7,"1":3,"2":3,"3":3,"4":3,"5":2,"6":1,"7":1,"8":0,"9":7,"10":3,"11":3,"12":3,"13":3,"14":3,"15":1,"16":2,"17":1,"18":1},"f":{"0":3,"1":3},"b":{"0":[2,1],"1":[1,2],"2":[3,2]},"_coverageSchema":"1a1c01bbd47fc00a2c39e90264f33305004495a9","hash":"63dd570ab220485cbc107e715ef2e7f609bcf5df"}
,"D:\\documents\\infinite-learning\\massive-backend-sql\\app\\controller\\user.controller.js": {"path":"D:\\documents\\infinite-learning\\massive-backend-sql\\app\\controller\\user.controller.js","statementMap":{"0":{"start":{"line":4,"column":23},"end":{"line":38,"column":1}},"1":{"start":{"line":5,"column":2},"end":{"line":37,"column":3}},"2":{"start":{"line":6,"column":4},"end":{"line":11,"column":5}},"3":{"start":{"line":7,"column":6},"end":{"line":10,"column":9}},"4":{"start":{"line":13,"column":17},"end":{"line":13,"column":54}},"5":{"start":{"line":15,"column":23},"end":{"line":15,"column":87}},"6":{"start":{"line":16,"column":17},"end":{"line":16,"column":28}},"7":{"start":{"line":18,"column":4},"end":{"line":23,"column":5}},"8":{"start":{"line":19,"column":6},"end":{"line":22,"column":9}},"9":{"start":{"line":25,"column":4},"end":{"line":34,"column":7}},"10":{"start":{"line":36,"column":4},"end":{"line":36,"column":16}},"11":{"start":{"line":40,"column":27},"end":{"line":72,"column":1}},"12":{"start":{"line":41,"column":2},"end":{"line":71,"column":3}},"13":{"start":{"line":43,"column":4},"end":{"line":48,"column":5}},"14":{"start":{"line":44,"column":6},"end":{"line":47,"column":9}},"15":{"start":{"line":51,"column":17},"end":{"line":51,"column":54}},"16":{"start":{"line":52,"column":24},"end":{"line":52,"column":107}},"17":{"start":{"line":54,"column":4},"end":{"line":59,"column":5}},"18":{"start":{"line":55,"column":6},"end":{"line":58,"column":9}},"19":{"start":{"line":62,"column":24},"end":{"line":62,"column":64}},"20":{"start":{"line":63,"column":18},"end":{"line":63,"column":27}},"21":{"start":{"line":65,"column":4},"end":{"line":68,"column":7}},"22":{"start":{"line":70,"column":4},"end":{"line":70,"column":16}},"23":{"start":{"line":74,"column":33},"end":{"line":106,"column":1}},"24":{"start":{"line":75,"column":2},"end":{"line":105,"column":3}},"25":{"start":{"line":76,"column":29},"end":{"line":76,"column":37}},"26":{"start":{"line":78,"column":4},"end":{"line":83,"column":5}},"27":{"start":{"line":79,"column":6},"end":{"line":82,"column":9}},"28":{"start":{"line":86,"column":4},"end":{"line":86,"column":82}},"29":{"start":{"line":89,"column":30},"end":{"line":89,"column":91}},"30":{"start":{"line":90,"column":24},"end":{"line":90,"column":42}},"31":{"start":{"line":92,"column":4},"end":{"line":102,"column":7}},"32":{"start":{"line":104,"column":4},"end":{"line":104,"column":16}},"33":{"start":{"line":108,"column":30},"end":{"line":140,"column":1}},"34":{"start":{"line":109,"column":2},"end":{"line":139,"column":3}},"35":{"start":{"line":110,"column":30},"end":{"line":110,"column":38}},"36":{"start":{"line":112,"column":4},"end":{"line":117,"column":5}},"37":{"start":{"line":113,"column":6},"end":{"line":116,"column":9}},"38":{"start":{"line":120,"column":4},"end":{"line":120,"column":81}},"39":{"start":{"line":123,"column":30},"end":{"line":123,"column":91}},"40":{"start":{"line":124,"column":24},"end":{"line":124,"column":42}},"41":{"start":{"line":126,"column":4},"end":{"line":136,"column":7}},"42":{"start":{"line":138,"column":4},"end":{"line":138,"column":16}}},"fnMap":{"0":{"name":"(anonymous_0)","decl":{"start":{"line":4,"column":23},"end":{"line":4,"column":24}},"loc":{"start":{"line":4,"column":49},"end":{"line":38,"column":1}},"line":4},"1":{"name":"(anonymous_1)","decl":{"start":{"line":40,"column":27},"end":{"line":40,"column":28}},"loc":{"start":{"line":40,"column":53},"end":{"line":72,"column":1}},"line":40},"2":{"name":"(anonymous_2)","decl":{"start":{"line":74,"column":33},"end":{"line":74,"column":34}},"loc":{"start":{"line":74,"column":59},"end":{"line":106,"column":1}},"line":74},"3":{"name":"(anonymous_3)","decl":{"start":{"line":108,"column":30},"end":{"line":108,"column":31}},"loc":{"start":{"line":108,"column":56},"end":{"line":140,"column":1}},"line":108}},"branchMap":{"0":{"loc":{"start":{"line":6,"column":4},"end":{"line":11,"column":5}},"type":"if","locations":[{"start":{"line":6,"column":4},"end":{"line":11,"column":5}},{"start":{},"end":{}}],"line":6},"1":{"loc":{"start":{"line":6,"column":8},"end":{"line":6,"column":86}},"type":"binary-expr","locations":[{"start":{"line":6,"column":8},"end":{"line":6,"column":34}},{"start":{"line":6,"column":38},"end":{"line":6,"column":86}}],"line":6},"2":{"loc":{"start":{"line":18,"column":4},"end":{"line":23,"column":5}},"type":"if","locations":[{"start":{"line":18,"column":4},"end":{"line":23,"column":5}},{"start":{},"end":{}}],"line":18},"3":{"loc":{"start":{"line":43,"column":4},"end":{"line":48,"column":5}},"type":"if","locations":[{"start":{"line":43,"column":4},"end":{"line":48,"column":5}},{"start":{},"end":{}}],"line":43},"4":{"loc":{"start":{"line":43,"column":8},"end":{"line":43,"column":86}},"type":"binary-expr","locations":[{"start":{"line":43,"column":8},"end":{"line":43,"column":34}},{"start":{"line":43,"column":38},"end":{"line":43,"column":86}}],"line":43},"5":{"loc":{"start":{"line":54,"column":4},"end":{"line":59,"column":5}},"type":"if","locations":[{"start":{"line":54,"column":4},"end":{"line":59,"column":5}},{"start":{},"end":{}}],"line":54},"6":{"loc":{"start":{"line":54,"column":8},"end":{"line":54,"column":44}},"type":"binary-expr","locations":[{"start":{"line":54,"column":8},"end":{"line":54,"column":18}},{"start":{"line":54,"column":22},"end":{"line":54,"column":44}}],"line":54},"7":{"loc":{"start":{"line":78,"column":4},"end":{"line":83,"column":5}},"type":"if","locations":[{"start":{"line":78,"column":4},"end":{"line":83,"column":5}},{"start":{},"end":{}}],"line":78},"8":{"loc":{"start":{"line":78,"column":8},"end":{"line":78,"column":37}},"type":"binary-expr","locations":[{"start":{"line":78,"column":8},"end":{"line":78,"column":13}},{"start":{"line":78,"column":17},"end":{"line":78,"column":37}}],"line":78},"9":{"loc":{"start":{"line":112,"column":4},"end":{"line":117,"column":5}},"type":"if","locations":[{"start":{"line":112,"column":4},"end":{"line":117,"column":5}},{"start":{},"end":{}}],"line":112},"10":{"loc":{"start":{"line":112,"column":8},"end":{"line":112,"column":25}},"type":"binary-expr","locations":[{"start":{"line":112,"column":8},"end":{"line":112,"column":13}},{"start":{"line":112,"column":17},"end":{"line":112,"column":25}}],"line":112}},"s":{"0":7,"1":0,"2":0,"3":0,"4":0,"5":0,"6":0,"7":0,"8":0,"9":0,"10":0,"11":7,"12":0,"13":0,"14":0,"15":0,"16":0,"17":0,"18":0,"19":0,"20":0,"21":0,"22":0,"23":7,"24":0,"25":0,"26":0,"27":0,"28":0,"29":0,"30":0,"31":0,"32":0,"33":7,"34":0,"35":0,"36":0,"37":0,"38":0,"39":0,"40":0,"41":0,"42":0},"f":{"0":0,"1":0,"2":0,"3":0},"b":{"0":[0,0],"1":[0,0],"2":[0,0],"3":[0,0],"4":[0,0],"5":[0,0],"6":[0,0],"7":[0,0],"8":[0,0],"9":[0,0],"10":[0,0]},"_coverageSchema":"1a1c01bbd47fc00a2c39e90264f33305004495a9","hash":"4a00c6f00ab8fc24b7bc16814ea37ac42a859721"}
,"D:\\documents\\infinite-learning\\massive-backend-sql\\app\\lib\\dbConnect.js": {"path":"D:\\documents\\infinite-learning\\massive-backend-sql\\app\\lib\\dbConnect.js","statementMap":{"0":{"start":{"line":5,"column":15},"end":{"line":16,"column":2}}},"fnMap":{},"branchMap":{},"s":{"0":7},"f":{},"b":{},"_coverageSchema":"1a1c01bbd47fc00a2c39e90264f33305004495a9","hash":"72ccf7eaba6bff6031aee4a508b95ebf57cca2e9"}
,"D:\\documents\\infinite-learning\\massive-backend-sql\\app\\lib\\testServer.js": {"path":"D:\\documents\\infinite-learning\\massive-backend-sql\\app\\lib\\testServer.js","statementMap":{"0":{"start":{"line":4,"column":0},"end":{"line":4,"column":43}},"1":{"start":{"line":8,"column":19},"end":{"line":18,"column":1}},"2":{"start":{"line":9,"column":14},"end":{"line":9,"column":23}},"3":{"start":{"line":11,"column":2},"end":{"line":11,"column":26}},"4":{"start":{"line":12,"column":2},"end":{"line":12,"column":50}},"5":{"start":{"line":14,"column":2},"end":{"line":14,"column":27}},"6":{"start":{"line":15,"column":2},"end":{"line":15,"column":26}},"7":{"start":{"line":17,"column":2},"end":{"line":17,"column":13}}},"fnMap":{"0":{"name":"(anonymous_0)","decl":{"start":{"line":8,"column":19},"end":{"line":8,"column":20}},"loc":{"start":{"line":8,"column":25},"end":{"line":18,"column":1}},"line":8}},"branchMap":{},"s":{"0":7,"1":7,"2":7,"3":7,"4":7,"5":7,"6":7,"7":7},"f":{"0":7},"b":{},"_coverageSchema":"1a1c01bbd47fc00a2c39e90264f33305004495a9","hash":"27342106a8c6066b5b3858088ffc2a6a51e8bb2f"}
,"D:\\documents\\infinite-learning\\massive-backend-sql\\app\\lib\\tokenHandler.js": {"path":"D:\\documents\\infinite-learning\\massive-backend-sql\\app\\lib\\tokenHandler.js","statementMap":{"0":{"start":{"line":5,"column":0},"end":{"line":5,"column":9}},"1":{"start":{"line":7,"column":29},"end":{"line":16,"column":1}},"2":{"start":{"line":8,"column":17},"end":{"line":8,"column":88}},"3":{"start":{"line":9,"column":17},"end":{"line":9,"column":88}},"4":{"start":{"line":11,"column":2},"end":{"line":13,"column":3}},"5":{"start":{"line":12,"column":4},"end":{"line":12,"column":55}},"6":{"start":{"line":15,"column":2},"end":{"line":15,"column":65}},"7":{"start":{"line":18,"column":27},"end":{"line":26,"column":1}},"8":{"start":{"line":19,"column":17},"end":{"line":19,"column":88}},"9":{"start":{"line":21,"column":2},"end":{"line":23,"column":3}},"10":{"start":{"line":22,"column":4},"end":{"line":22,"column":55}},"11":{"start":{"line":25,"column":2},"end":{"line":25,"column":35}},"12":{"start":{"line":28,"column":32},"end":{"line":30,"column":1}},"13":{"start":{"line":29,"column":2},"end":{"line":29,"column":62}},"14":{"start":{"line":32,"column":31},"end":{"line":52,"column":1}},"15":{"start":{"line":33,"column":20},"end":{"line":33,"column":59}},"16":{"start":{"line":35,"column":2},"end":{"line":51,"column":4}},"17":{"start":{"line":41,"column":8},"end":{"line":43,"column":9}},"18":{"start":{"line":42,"column":10},"end":{"line":42,"column":58}},"19":{"start":{"line":44,"column":8},"end":{"line":47,"column":9}},"20":{"start":{"line":45,"column":10},"end":{"line":45,"column":58}},"21":{"start":{"line":46,"column":10},"end":{"line":46,"column":22}},"22":{"start":{"line":48,"column":8},"end":{"line":48,"column":55}},"23":{"start":{"line":49,"column":8},"end":{"line":49,"column":20}}},"fnMap":{"0":{"name":"(anonymous_0)","decl":{"start":{"line":7,"column":29},"end":{"line":7,"column":30}},"loc":{"start":{"line":7,"column":54},"end":{"line":16,"column":1}},"line":7},"1":{"name":"(anonymous_1)","decl":{"start":{"line":18,"column":27},"end":{"line":18,"column":28}},"loc":{"start":{"line":18,"column":53},"end":{"line":26,"column":1}},"line":18},"2":{"name":"(anonymous_2)","decl":{"start":{"line":28,"column":32},"end":{"line":28,"column":33}},"loc":{"start":{"line":28,"column":50},"end":{"line":30,"column":1}},"line":28},"3":{"name":"(anonymous_3)","decl":{"start":{"line":32,"column":31},"end":{"line":32,"column":32}},"loc":{"start":{"line":32,"column":54},"end":{"line":52,"column":1}},"line":32},"4":{"name":"(anonymous_4)","decl":{"start":{"line":40,"column":14},"end":{"line":40,"column":15}},"loc":{"start":{"line":40,"column":34},"end":{"line":50,"column":7}},"line":40}},"branchMap":{"0":{"loc":{"start":{"line":7,"column":36},"end":{"line":7,"column":49}},"type":"default-arg","locations":[{"start":{"line":7,"column":45},"end":{"line":7,"column":49}}],"line":7},"1":{"loc":{"start":{"line":8,"column":17},"end":{"line":8,"column":88}},"type":"cond-expr","locations":[{"start":{"line":8,"column":26},"end":{"line":8,"column":57}},{"start":{"line":8,"column":60},"end":{"line":8,"column":88}}],"line":8},"2":{"loc":{"start":{"line":9,"column":17},"end":{"line":9,"column":88}},"type":"cond-expr","locations":[{"start":{"line":9,"column":26},"end":{"line":9,"column":57}},{"start":{"line":9,"column":60},"end":{"line":9,"column":88}}],"line":9},"3":{"loc":{"start":{"line":11,"column":2},"end":{"line":13,"column":3}},"type":"if","locations":[{"start":{"line":11,"column":2},"end":{"line":13,"column":3}},{"start":{},"end":{}}],"line":11},"4":{"loc":{"start":{"line":18,"column":35},"end":{"line":18,"column":48}},"type":"default-arg","locations":[{"start":{"line":18,"column":44},"end":{"line":18,"column":48}}],"line":18},"5":{"loc":{"start":{"line":19,"column":17},"end":{"line":19,"column":88}},"type":"cond-expr","locations":[{"start":{"line":19,"column":26},"end":{"line":19,"column":57}},{"start":{"line":19,"column":60},"end":{"line":19,"column":88}}],"line":19},"6":{"loc":{"start":{"line":21,"column":2},"end":{"line":23,"column":3}},"type":"if","locations":[{"start":{"line":21,"column":2},"end":{"line":23,"column":3}},{"start":{},"end":{}}],"line":21},"7":{"loc":{"start":{"line":32,"column":32},"end":{"line":32,"column":49}},"type":"default-arg","locations":[{"start":{"line":32,"column":44},"end":{"line":32,"column":49}}],"line":32},"8":{"loc":{"start":{"line":33,"column":20},"end":{"line":33,"column":59}},"type":"cond-expr","locations":[{"start":{"line":33,"column":32},"end":{"line":33,"column":41}},{"start":{"line":33,"column":44},"end":{"line":33,"column":59}}],"line":33},"9":{"loc":{"start":{"line":41,"column":8},"end":{"line":43,"column":9}},"type":"if","locations":[{"start":{"line":41,"column":8},"end":{"line":43,"column":9}},{"start":{},"end":{}}],"line":41},"10":{"loc":{"start":{"line":41,"column":12},"end":{"line":41,"column":63}},"type":"binary-expr","locations":[{"start":{"line":41,"column":12},"end":{"line":41,"column":39}},{"start":{"line":41,"column":43},"end":{"line":41,"column":63}}],"line":41},"11":{"loc":{"start":{"line":44,"column":8},"end":{"line":47,"column":9}},"type":"if","locations":[{"start":{"line":44,"column":8},"end":{"line":47,"column":9}},{"start":{},"end":{}}],"line":44}},"s":{"0":7,"1":7,"2":2,"3":2,"4":2,"5":0,"6":2,"7":7,"8":5,"9":5,"10":0,"11":5,"12":7,"13":1,"14":7,"15":133,"16":133,"17":21,"18":0,"19":17,"20":0,"21":0,"22":17,"23":17},"f":{"0":2,"1":5,"2":1,"3":133,"4":21},"b":{"0":[1],"1":[1,1],"2":[1,1],"3":[0,2],"4":[5],"5":[5,0],"6":[0,5],"7":[133],"8":[0,133],"9":[0,17],"10":[21,17],"11":[0,17]},"_coverageSchema":"1a1c01bbd47fc00a2c39e90264f33305004495a9","hash":"992729c7b2e2330d92c22edd71be89f1ffe4ccaa"}
,"D:\\documents\\infinite-learning\\massive-backend-sql\\app\\routes\\routes.js": {"path":"D:\\documents\\infinite-learning\\massive-backend-sql\\app\\routes\\routes.js","statementMap":{"0":{"start":{"line":12,"column":15},"end":{"line":12,"column":39}},"1":{"start":{"line":15,"column":0},"end":{"line":15,"column":46}},"2":{"start":{"line":16,"column":0},"end":{"line":16,"column":46}},"3":{"start":{"line":19,"column":0},"end":{"line":19,"column":51}},"4":{"start":{"line":20,"column":0},"end":{"line":20,"column":55}},"5":{"start":{"line":21,"column":0},"end":{"line":21,"column":58}},"6":{"start":{"line":23,"column":0},"end":{"line":23,"column":68}},"7":{"start":{"line":24,"column":0},"end":{"line":24,"column":71}},"8":{"start":{"line":25,"column":0},"end":{"line":25,"column":85}},"9":{"start":{"line":27,"column":0},"end":{"line":27,"column":52}},"10":{"start":{"line":28,"column":0},"end":{"line":28,"column":56}},"11":{"start":{"line":30,"column":0},"end":{"line":30,"column":50}},"12":{"start":{"line":31,"column":0},"end":{"line":31,"column":53}},"13":{"start":{"line":32,"column":0},"end":{"line":32,"column":56}},"14":{"start":{"line":34,"column":0},"end":{"line":34,"column":48}},"15":{"start":{"line":35,"column":0},"end":{"line":35,"column":66}},"16":{"start":{"line":36,"column":0},"end":{"line":36,"column":68}},"17":{"start":{"line":37,"column":0},"end":{"line":37,"column":53}},"18":{"start":{"line":39,"column":0},"end":{"line":39,"column":78}},"19":{"start":{"line":40,"column":0},"end":{"line":40,"column":86}},"20":{"start":{"line":41,"column":0},"end":{"line":41,"column":71}},"21":{"start":{"line":42,"column":0},"end":{"line":42,"column":81}}},"fnMap":{},"branchMap":{},"s":{"0":7,"1":7,"2":7,"3":7,"4":7,"5":7,"6":7,"7":7,"8":7,"9":7,"10":7,"11":7,"12":7,"13":7,"14":7,"15":7,"16":7,"17":7,"18":7,"19":7,"20":7,"21":7},"f":{},"b":{},"_coverageSchema":"1a1c01bbd47fc00a2c39e90264f33305004495a9","hash":"d1c448cab27bb28761fa6d5f82461a54575b276a"}
}
