TN:
SF:app\__test__\db.js
FN:11,(anonymous_0)
FNF:1
FNH:1
FNDA:1,(anonymous_0)
DA:3,7
DA:11,7
DA:12,1
DA:13,1
DA:14,1
DA:16,0
DA:17,0
DA:21,7
LF:8
LH:6
BRF:0
BRH:0
end_of_record
TN:
SF:app\controller\auth.controller.js
FN:7,(anonymous_0)
FN:37,(anonymous_1)
FNF:2
FNH:2
FNDA:2,(anonymous_0)
FNDA:2,(anonymous_1)
DA:6,7
DA:8,2
DA:9,2
DA:12,2
DA:15,2
DA:17,2
DA:18,1
DA:24,1
DA:25,1
DA:28,1
DA:30,1
DA:33,0
DA:38,2
DA:39,2
DA:42,2
DA:43,2
DA:45,2
DA:46,0
DA:53,2
DA:55,2
DA:56,1
DA:63,1
DA:64,1
DA:65,1
DA:68,1
DA:70,1
DA:72,1
DA:74,1
DA:81,0
DA:83,0
DA:90,0
LF:31
LH:26
BRDA:17,0,0,1
BRDA:17,0,1,1
BRDA:45,1,0,0
BRDA:45,1,1,2
BRDA:55,2,0,1
BRDA:55,2,1,1
BRDA:70,3,0,1
BRDA:70,3,1,0
BRF:8
BRH:6
end_of_record
TN:
SF:app\controller\event.controller.js
FN:4,(anonymous_0)
FN:27,(anonymous_1)
FN:51,(anonymous_2)
FNF:3
FNH:2
FNDA:0,(anonymous_0)
FNDA:1,(anonymous_1)
FNDA:2,(anonymous_2)
DA:4,7
DA:5,0
DA:6,0
DA:7,0
DA:13,0
DA:16,0
DA:18,0
DA:23,0
DA:27,7
DA:28,1
DA:29,1
DA:31,1
DA:33,1
DA:34,0
DA:40,1
DA:42,1
DA:47,0
DA:51,7
DA:52,2
DA:53,2
DA:54,2
DA:57,2
DA:59,2
DA:60,1
DA:67,1
DA:69,1
DA:70,0
DA:77,1
DA:79,1
DA:84,0
LF:30
LH:19
BRDA:6,0,0,0
BRDA:6,0,1,0
BRDA:6,1,0,0
BRDA:6,1,1,0
BRDA:33,2,0,0
BRDA:33,2,1,1
BRDA:59,3,0,1
BRDA:59,3,1,1
BRDA:69,4,0,0
BRDA:69,4,1,1
BRF:10
BRH:4
end_of_record
TN:
SF:app\controller\exchange.controller.js
FN:4,(anonymous_0)
FN:27,(anonymous_1)
FN:43,(anonymous_2)
FNF:3
FNH:0
FNDA:0,(anonymous_0)
FNDA:0,(anonymous_1)
FNDA:0,(anonymous_2)
DA:4,7
DA:5,0
DA:6,0
DA:7,0
DA:13,0
DA:15,0
DA:16,0
DA:18,0
DA:23,0
DA:27,7
DA:28,0
DA:29,0
DA:31,0
DA:32,0
DA:34,0
DA:39,0
DA:43,7
DA:44,0
DA:45,0
DA:48,0
DA:50,0
DA:55,0
LF:22
LH:3
BRDA:6,0,0,0
BRDA:6,0,1,0
BRDA:6,1,0,0
BRDA:6,1,1,0
BRF:4
BRH:0
end_of_record
TN:
SF:app\controller\item.controller.js
FN:4,(anonymous_0)
FN:27,(anonymous_1)
FN:50,(anonymous_2)
FNF:3
FNH:3
FNDA:1,(anonymous_0)
FNDA:2,(anonymous_1)
FNDA:1,(anonymous_2)
DA:4,7
DA:5,1
DA:6,1
DA:7,0
DA:13,1
DA:15,1
DA:16,1
DA:18,1
DA:23,0
DA:27,7
DA:28,2
DA:29,2
DA:30,0
DA:36,2
DA:37,2
DA:39,2
DA:41,2
DA:46,0
DA:50,7
DA:51,1
DA:52,1
DA:53,0
DA:59,1
DA:60,1
DA:62,1
DA:64,1
DA:65,0
DA:71,1
DA:73,1
DA:75,1
DA:76,1
DA:78,1
DA:83,0
LF:33
LH:26
BRDA:6,0,0,0
BRDA:6,0,1,1
BRDA:6,1,0,1
BRDA:6,1,1,1
BRDA:29,2,0,0
BRDA:29,2,1,2
BRDA:29,3,0,2
BRDA:29,3,1,2
BRDA:52,4,0,0
BRDA:52,4,1,1
BRDA:52,5,0,1
BRDA:52,5,1,1
BRDA:64,6,0,0
BRDA:64,6,1,1
BRF:14
BRH:10
end_of_record
TN:
SF:app\controller\payment.controller.js
FN:3,(anonymous_0)
FN:32,(anonymous_1)
FNF:2
FNH:2
FNDA:2,(anonymous_0)
FNDA:2,(anonymous_1)
DA:3,7
DA:4,2
DA:5,2
DA:8,2
DA:10,2
DA:11,1
DA:18,1
DA:23,1
DA:28,0
DA:32,7
DA:33,2
DA:34,2
DA:37,2
DA:39,2
DA:40,1
DA:47,1
DA:49,1
DA:54,0
LF:18
LH:16
BRDA:10,0,0,1
BRDA:10,0,1,1
BRDA:39,1,0,1
BRDA:39,1,1,1
BRF:4
BRH:4
end_of_record
TN:
SF:app\controller\report.controller.js
FN:18,(anonymous_0)
FN:41,(anonymous_1)
FNF:2
FNH:2
FNDA:2,(anonymous_0)
FNDA:2,(anonymous_1)
DA:18,7
DA:19,2
DA:20,2
DA:21,1
DA:27,1
DA:29,1
DA:30,1
DA:32,1
DA:37,0
DA:41,7
DA:42,2
DA:43,2
DA:46,2
DA:48,1
DA:53,1
LF:15
LH:14
BRDA:20,0,0,1
BRDA:20,0,1,1
BRDA:20,1,0,2
BRDA:20,1,1,1
BRF:4
BRH:4
end_of_record
TN:
SF:app\controller\transaction.controller.js
FN:3,(anonymous_0)
FN:29,(anonymous_1)
FNF:2
FNH:2
FNDA:3,(anonymous_0)
FNDA:3,(anonymous_1)
DA:3,7
DA:4,3
DA:5,3
DA:8,3
DA:10,3
DA:11,2
DA:18,1
DA:20,1
DA:25,0
DA:29,7
DA:30,3
DA:31,3
DA:34,3
DA:35,3
DA:37,3
DA:38,1
DA:45,2
DA:47,1
DA:52,1
LF:19
LH:18
BRDA:10,0,0,2
BRDA:10,0,1,1
BRDA:37,1,0,1
BRDA:37,1,1,2
BRDA:37,2,0,3
BRDA:37,2,1,2
BRF:6
BRH:6
end_of_record
TN:
SF:app\controller\user.controller.js
FN:4,(anonymous_0)
FN:40,(anonymous_1)
FN:74,(anonymous_2)
FN:108,(anonymous_3)
FNF:4
FNH:0
FNDA:0,(anonymous_0)
FNDA:0,(anonymous_1)
FNDA:0,(anonymous_2)
FNDA:0,(anonymous_3)
DA:4,7
DA:5,0
DA:6,0
DA:7,0
DA:13,0
DA:15,0
DA:16,0
DA:18,0
DA:19,0
DA:25,0
DA:36,0
DA:40,7
DA:41,0
DA:43,0
DA:44,0
DA:51,0
DA:52,0
DA:54,0
DA:55,0
DA:62,0
DA:63,0
DA:65,0
DA:70,0
DA:74,7
DA:75,0
DA:76,0
DA:78,0
DA:79,0
DA:86,0
DA:89,0
DA:90,0
DA:92,0
DA:104,0
DA:108,7
DA:109,0
DA:110,0
DA:112,0
DA:113,0
DA:120,0
DA:123,0
DA:124,0
DA:126,0
DA:138,0
LF:43
LH:4
BRDA:6,0,0,0
BRDA:6,0,1,0
BRDA:6,1,0,0
BRDA:6,1,1,0
BRDA:18,2,0,0
BRDA:18,2,1,0
BRDA:43,3,0,0
BRDA:43,3,1,0
BRDA:43,4,0,0
BRDA:43,4,1,0
BRDA:54,5,0,0
BRDA:54,5,1,0
BRDA:54,6,0,0
BRDA:54,6,1,0
BRDA:78,7,0,0
BRDA:78,7,1,0
BRDA:78,8,0,0
BRDA:78,8,1,0
BRDA:112,9,0,0
BRDA:112,9,1,0
BRDA:112,10,0,0
BRDA:112,10,1,0
BRF:22
BRH:0
end_of_record
TN:
SF:app\lib\dbConnect.js
FNF:0
FNH:0
DA:5,7
LF:1
LH:1
BRF:0
BRH:0
end_of_record
TN:
SF:app\lib\testServer.js
FN:8,(anonymous_0)
FNF:1
FNH:1
FNDA:7,(anonymous_0)
DA:4,7
DA:8,7
DA:9,7
DA:11,7
DA:12,7
DA:14,7
DA:15,7
DA:17,7
LF:8
LH:8
BRF:0
BRH:0
end_of_record
TN:
SF:app\lib\tokenHandler.js
FN:7,(anonymous_0)
FN:18,(anonymous_1)
FN:28,(anonymous_2)
FN:32,(anonymous_3)
FN:40,(anonymous_4)
FNF:5
FNH:5
FNDA:2,(anonymous_0)
FNDA:5,(anonymous_1)
FNDA:1,(anonymous_2)
FNDA:133,(anonymous_3)
FNDA:21,(anonymous_4)
DA:5,7
DA:7,7
DA:8,2
DA:9,2
DA:11,2
DA:12,0
DA:15,2
DA:18,7
DA:19,5
DA:21,5
DA:22,0
DA:25,5
DA:28,7
DA:29,1
DA:32,7
DA:33,133
DA:35,133
DA:41,21
DA:42,0
DA:44,17
DA:45,0
DA:46,0
DA:48,17
DA:49,17
LF:24
LH:19
BRDA:7,0,0,1
BRDA:8,1,0,1
BRDA:8,1,1,1
BRDA:9,2,0,1
BRDA:9,2,1,1
BRDA:11,3,0,0
BRDA:11,3,1,2
BRDA:18,4,0,5
BRDA:19,5,0,5
BRDA:19,5,1,0
BRDA:21,6,0,0
BRDA:21,6,1,5
BRDA:32,7,0,133
BRDA:33,8,0,0
BRDA:33,8,1,133
BRDA:41,9,0,0
BRDA:41,9,1,17
BRDA:41,10,0,21
BRDA:41,10,1,17
BRDA:44,11,0,0
BRDA:44,11,1,17
BRF:21
BRH:15
end_of_record
TN:
SF:app\routes\routes.js
FNF:0
FNH:0
DA:12,7
DA:15,7
DA:16,7
DA:19,7
DA:20,7
DA:21,7
DA:23,7
DA:24,7
DA:25,7
DA:27,7
DA:28,7
DA:30,7
DA:31,7
DA:32,7
DA:34,7
DA:35,7
DA:36,7
DA:37,7
DA:39,7
DA:40,7
DA:41,7
DA:42,7
LF:22
LH:22
BRF:0
BRH:0
end_of_record
